<?xml version="1.0" encoding="UTF-8"?>
<testsuite name="com.tr.tests.CreateTeam" tests="1" skipped="0" failures="0" errors="0" timestamp="2019-06-06T16:02:14" hostname="Lena-Toshiba" time="26.176">
  <properties/>
  <testcase name="teamCreationFromHeaderTest" classname="com.tr.tests.CreateTeam" time="26.176"/>
  <system-out><![CDATA[19:02:24.170 [Test worker] INFO  com.tr.tests.TestBase - Start to search element By.cssSelector: [data-test-id="header-create-menu-button"]
19:02:24.216 [Test worker] INFO  com.tr.tests.TestBase - By.cssSelector: [data-test-id="header-create-menu-button"] found
19:02:24.216 [Test worker] INFO  com.tr.tests.TestBase - Start to search element By.cssSelector: [data-test-id=header-create-menu-button]
19:02:24.262 [Test worker] INFO  com.tr.tests.TestBase - By.cssSelector: [data-test-id=header-create-menu-button] found
19:02:24.483 [Test worker] INFO  com.tr.tests.TestBase - Start to search element By.cssSelector: .js-new-org
19:02:29.497 [Test worker] INFO  com.tr.tests.TestBase - By.cssSelector: .js-new-org found
19:02:29.506 [Test worker] INFO  com.tr.tests.TestBase - Start to search element By.cssSelector: [data-test-id='header-create-team-button']
19:02:29.530 [Test worker] INFO  com.tr.tests.TestBase - By.cssSelector: [data-test-id='header-create-team-button'] found
19:02:29.531 [Test worker] INFO  com.tr.tests.TestBase - Start to search element By.cssSelector: [data-test-id='header-create-team-button']
19:02:29.545 [Test worker] INFO  com.tr.tests.TestBase - By.cssSelector: [data-test-id='header-create-team-button'] found
19:02:29.684 [Test worker] INFO  com.tr.tests.TestBase - Start to search element By.cssSelector: [data-test-id='header-create-team-name-input']
19:02:29.716 [Test worker] INFO  com.tr.tests.TestBase - By.cssSelector: [data-test-id='header-create-team-name-input'] found
19:02:29.717 [Test worker] INFO  com.tr.tests.TestBase - Start to search element By.cssSelector: [data-test-id='header-create-team-name-input']
19:02:29.745 [Test worker] INFO  com.tr.tests.TestBase - By.cssSelector: [data-test-id='header-create-team-name-input'] found
19:02:29.808 [Test worker] INFO  com.tr.tests.TestBase - Start to search element By.cssSelector: [data-test-id='header-create-team-name-input']
19:02:29.821 [Test worker] INFO  com.tr.tests.TestBase - By.cssSelector: [data-test-id='header-create-team-name-input'] found
19:02:29.851 [Test worker] INFO  com.tr.tests.TestBase - Start to search element By.cssSelector: [data-test-id='header-create-team-name-input']
19:02:29.868 [Test worker] INFO  com.tr.tests.TestBase - By.cssSelector: [data-test-id='header-create-team-name-input'] found
19:02:30.057 [Test worker] INFO  com.tr.tests.TestBase - Start to search element By.cssSelector: [type=submit]
19:02:30.083 [Test worker] INFO  com.tr.tests.TestBase - By.cssSelector: [type=submit] found
19:02:40.154 [Test worker] INFO  com.tr.tests.TestBase - Start to search element By.cssSelector: h1.u-inline
19:02:40.211 [Test worker] INFO  com.tr.tests.TestBase - By.cssSelector: h1.u-inline found
]]></system-out>
  <system-err><![CDATA[]]></system-err>
</testsuite>
