<?xml version="1.0" encoding="UTF-8"?>
<testsuite name="com.tr.tests.CreateBoard" tests="2" skipped="0" failures="0" errors="0" timestamp="2019-06-06T16:02:57" hostname="Lena-Toshiba" time="79.563">
  <properties/>
  <testcase name="boardCreationTest[0](Board{boardName='a'})" classname="com.tr.tests.CreateBoard" time="40.376"/>
  <testcase name="boardCreationTest[1](Board{boardName='aA'})" classname="com.tr.tests.CreateBoard" time="39.151"/>
  <system-out><![CDATA[19:02:57.682 [Test worker] INFO  com.tr.tests.TestBase - Start to search element By.xpath: //span[@class='icon-lg icon-member']/../../..//li
19:02:58.708 [Test worker] INFO  com.tr.tests.TestBase - By.xpath: //span[@class='icon-lg icon-member']/../../..//li found
19:03:08.711 [Test worker] INFO  com.tr.tests.TestBase - Start to search element By.cssSelector: [data-test-id="header-create-menu-button"]
19:03:08.745 [Test worker] INFO  com.tr.tests.TestBase - By.cssSelector: [data-test-id="header-create-menu-button"] found
19:03:08.746 [Test worker] INFO  com.tr.tests.TestBase - Start to search element By.cssSelector: [data-test-id=header-create-menu-button]
19:03:08.774 [Test worker] INFO  com.tr.tests.TestBase - By.cssSelector: [data-test-id=header-create-menu-button] found
19:03:09.013 [Test worker] INFO  com.tr.tests.TestBase - Start to search element By.cssSelector: .js-new-board
19:03:14.090 [Test worker] INFO  com.tr.tests.TestBase - By.cssSelector: .js-new-board found
19:03:14.091 [Test worker] INFO  com.tr.tests.TestBase - Start to search element By.cssSelector: [data-test-id='header-create-board-button']
19:03:14.121 [Test worker] INFO  com.tr.tests.TestBase - By.cssSelector: [data-test-id='header-create-board-button'] found
19:03:14.122 [Test worker] INFO  com.tr.tests.TestBase - Start to search element By.cssSelector: [data-test-id='header-create-board-button']
19:03:14.140 [Test worker] INFO  com.tr.tests.TestBase - By.cssSelector: [data-test-id='header-create-board-button'] found
19:03:14.315 [Test worker] INFO  com.tr.tests.TestBase - Start to search element By.cssSelector: .create-board-tile input
19:03:19.404 [Test worker] INFO  com.tr.tests.TestBase - By.cssSelector: .create-board-tile input found
19:03:19.404 [Test worker] INFO  com.tr.tests.TestBase - Start to search element By.cssSelector: [data-test-id='header-create-board-title-input']
19:03:19.453 [Test worker] INFO  com.tr.tests.TestBase - By.cssSelector: [data-test-id='header-create-board-title-input'] found
19:03:19.533 [Test worker] INFO  com.tr.tests.TestBase - Start to search element By.cssSelector: [data-test-id='header-create-board-title-input']
19:03:19.546 [Test worker] INFO  com.tr.tests.TestBase - By.cssSelector: [data-test-id='header-create-board-title-input'] found
19:03:19.574 [Test worker] INFO  com.tr.tests.TestBase - Start to search element By.cssSelector: [data-test-id='header-create-board-title-input']
19:03:19.588 [Test worker] INFO  com.tr.tests.TestBase - By.cssSelector: [data-test-id='header-create-board-title-input'] found
19:03:19.675 [Test worker] INFO  com.tr.tests.TestBase - Start to search element By.cssSelector: [type=submit]
19:03:24.698 [Test worker] INFO  com.tr.tests.TestBase - By.cssSelector: [type=submit] found
19:03:24.699 [Test worker] INFO  com.tr.tests.TestBase - Start to search element By.cssSelector: [data-test-id='header-create-board-submit-button']
19:03:24.723 [Test worker] INFO  com.tr.tests.TestBase - By.cssSelector: [data-test-id='header-create-board-submit-button'] found
19:03:31.813 [Test worker] INFO  com.tr.tests.TestBase - Start to search element By.cssSelector: .icon-house
19:03:36.874 [Test worker] INFO  com.tr.tests.TestBase - By.cssSelector: .icon-house found
19:03:36.875 [Test worker] INFO  com.tr.tests.TestBase - Start to search element By.name: house
19:03:36.914 [Test worker] INFO  com.tr.tests.TestBase - By.name: house found
19:03:37.020 [Test worker] INFO  com.tr.tests.TestBase - Start to search element By.xpath: //span[@class='icon-lg icon-member']/../../..//li
19:03:38.053 [Test worker] INFO  com.tr.tests.TestBase - By.xpath: //span[@class='icon-lg icon-member']/../../..//li found
51    -   50
19:03:38.093 [Test worker] INFO  com.tr.tests.TestBase - Start to search element By.xpath: //span[@class='icon-lg icon-member']/../../..//li
19:03:38.112 [Test worker] INFO  com.tr.tests.TestBase - By.xpath: //span[@class='icon-lg icon-member']/../../..//li found
19:03:48.115 [Test worker] INFO  com.tr.tests.TestBase - Start to search element By.cssSelector: [data-test-id="header-create-menu-button"]
19:03:48.164 [Test worker] INFO  com.tr.tests.TestBase - By.cssSelector: [data-test-id="header-create-menu-button"] found
19:03:48.164 [Test worker] INFO  com.tr.tests.TestBase - Start to search element By.cssSelector: [data-test-id=header-create-menu-button]
19:03:48.216 [Test worker] INFO  com.tr.tests.TestBase - By.cssSelector: [data-test-id=header-create-menu-button] found
19:03:48.367 [Test worker] INFO  com.tr.tests.TestBase - Start to search element By.cssSelector: .js-new-board
19:03:53.397 [Test worker] INFO  com.tr.tests.TestBase - By.cssSelector: .js-new-board found
19:03:53.398 [Test worker] INFO  com.tr.tests.TestBase - Start to search element By.cssSelector: [data-test-id='header-create-board-button']
19:03:53.414 [Test worker] INFO  com.tr.tests.TestBase - By.cssSelector: [data-test-id='header-create-board-button'] found
19:03:53.414 [Test worker] INFO  com.tr.tests.TestBase - Start to search element By.cssSelector: [data-test-id='header-create-board-button']
19:03:53.424 [Test worker] INFO  com.tr.tests.TestBase - By.cssSelector: [data-test-id='header-create-board-button'] found
19:03:53.586 [Test worker] INFO  com.tr.tests.TestBase - Start to search element By.cssSelector: .create-board-tile input
19:03:58.617 [Test worker] INFO  com.tr.tests.TestBase - By.cssSelector: .create-board-tile input found
19:03:58.617 [Test worker] INFO  com.tr.tests.TestBase - Start to search element By.cssSelector: [data-test-id='header-create-board-title-input']
19:03:58.673 [Test worker] INFO  com.tr.tests.TestBase - By.cssSelector: [data-test-id='header-create-board-title-input'] found
19:03:58.728 [Test worker] INFO  com.tr.tests.TestBase - Start to search element By.cssSelector: [data-test-id='header-create-board-title-input']
19:03:58.742 [Test worker] INFO  com.tr.tests.TestBase - By.cssSelector: [data-test-id='header-create-board-title-input'] found
19:03:58.773 [Test worker] INFO  com.tr.tests.TestBase - Start to search element By.cssSelector: [data-test-id='header-create-board-title-input']
19:03:58.785 [Test worker] INFO  com.tr.tests.TestBase - By.cssSelector: [data-test-id='header-create-board-title-input'] found
19:03:58.909 [Test worker] INFO  com.tr.tests.TestBase - Start to search element By.cssSelector: [type=submit]
19:04:03.944 [Test worker] INFO  com.tr.tests.TestBase - By.cssSelector: [type=submit] found
19:04:03.945 [Test worker] INFO  com.tr.tests.TestBase - Start to search element By.cssSelector: [data-test-id='header-create-board-submit-button']
19:04:03.998 [Test worker] INFO  com.tr.tests.TestBase - By.cssSelector: [data-test-id='header-create-board-submit-button'] found
19:04:11.105 [Test worker] INFO  com.tr.tests.TestBase - Start to search element By.cssSelector: .icon-house
19:04:16.164 [Test worker] INFO  com.tr.tests.TestBase - By.cssSelector: .icon-house found
19:04:16.164 [Test worker] INFO  com.tr.tests.TestBase - Start to search element By.name: house
19:04:16.181 [Test worker] INFO  com.tr.tests.TestBase - By.name: house found
19:04:16.309 [Test worker] INFO  com.tr.tests.TestBase - Start to search element By.xpath: //span[@class='icon-lg icon-member']/../../..//li
19:04:17.239 [Test worker] INFO  com.tr.tests.TestBase - By.xpath: //span[@class='icon-lg icon-member']/../../..//li found
52    -   51
]]></system-out>
  <system-err><![CDATA[]]></system-err>
</testsuite>
